<?xml version="1.0" encoding="UTF-8"?>
<!-- Generated by org.testng.reporters.JUnitXMLReporter -->
<testsuite hostname="Madhu-Desktop" name="Default test" tests="4" failures="0" timestamp="21 Nov 2019 08:49:50 GMT" time="161.447" errors="0">
  <testcase name="FormFilling" time="4.014" classname="com.qa.tests.DataDrivenTest"/>
  <testcase name="FormFilling" time="3.125" classname="com.qa.tests.DataDrivenTest"/>
  <testcase name="FormFilling" time="2.774" classname="com.qa.tests.DataDrivenTest"/>
  <testcase name="parameterscheckin" time="5.351" classname="com.qa.tests.DataDrivenTest"/>
</testsuite> <!-- Default test -->
