<?xml version="1.0" encoding="UTF-8"?>
<!-- Generated by org.testng.reporters.JUnitXMLReporter -->
<testsuite hostname="Madhu-Desktop" name="checking registration page" tests="4" failures="0" timestamp="21 Nov 2019 08:53:08 GMT" time="142.745" errors="0">
  <testcase name="FormFilling" time="3.877" classname="com.qa.tests.DataDrivenTest"/>
  <testcase name="FormFilling" time="2.416" classname="com.qa.tests.DataDrivenTest"/>
  <testcase name="FormFilling" time="2.675" classname="com.qa.tests.DataDrivenTest"/>
  <testcase name="parameterscheckin" time="2.581" classname="com.qa.tests.DataDrivenTest"/>
</testsuite> <!-- checking registration page -->
